<?xml version="1.0" encoding="UTF-8"?>
<testng-results ignored="0" total="2" passed="2" failed="0" skipped="0">
  <reporter-output>
  </reporter-output>
  <suite started-at="2021-12-13T09:44:21 IST" name="Suite" finished-at="2021-12-13T09:45:01 IST" duration-ms="39979">
    <groups>
    </groups>
    <test started-at="2021-12-13T09:44:21 IST" name="Test" finished-at="2021-12-13T09:45:01 IST" duration-ms="39979">
      <class name="e2eproject.FinalDemo.LoginTestCase">
        <test-method signature="BasePageNavigation(java.lang.String,java.lang.String)[pri:0, instance:e2eproject.FinalDemo.LoginTestCase@2e222612]" started-at="2021-12-13T09:44:21 IST" name="BasePageNavigation" data-provider="getData" finished-at="2021-12-13T09:44:46 IST" duration-ms="25017" status="PASS">
          <params>
            <param index="0">
              <value>
                <![CDATA[Test@1]]>
              </value>
            </param>
            <param index="1">
              <value>
                <![CDATA[Test@2]]>
              </value>
            </param>
          </params>
          <reporter-output>
          </reporter-output>
        </test-method> <!-- BasePageNavigation -->
        <test-method signature="BasePageNavigation(java.lang.String,java.lang.String)[pri:0, instance:e2eproject.FinalDemo.LoginTestCase@2e222612]" started-at="2021-12-13T09:44:46 IST" name="BasePageNavigation" data-provider="getData" finished-at="2021-12-13T09:45:01 IST" duration-ms="14760" status="PASS">
          <params>
            <param index="0">
              <value>
                <![CDATA[abcd123]]>
              </value>
            </param>
            <param index="1">
              <value>
                <![CDATA[acvf234]]>
              </value>
            </param>
          </params>
          <reporter-output>
          </reporter-output>
        </test-method> <!-- BasePageNavigation -->
      </class> <!-- e2eproject.FinalDemo.LoginTestCase -->
    </test> <!-- Test -->
  </suite> <!-- Suite -->
</testng-results>
